<?xml version="1.0" encoding="UTF-8"?>
<!-- Generated by org.testng.reporters.JUnitReportReporter -->
<testsuite skipped="0" hostname="DESKTOP-LQTUF3F" name="DriverFactory.DriverScript" tests="1" failures="0" timestamp="09 Apr 2022 10:30:58 GMT" time="37.825" errors="0">
  <testcase name="validateLogin" time="37.825" classname="DriverFactory.DriverScript"/>
</testsuite> <!-- DriverFactory.DriverScript -->
